[2021-05-14 15:02:33,974] INFO [GroupCoordinator 1001]: Preparing to rebalance group sandbox in state PreparingRebalance with old generation 6 (__consumer_offsets-7) (reason: Adding new member consumer-sandbox-1-f8193590-dabe-456c-bd9b-11b8a98cb5d6 with group instance id None) (kafka.coordinator.group.GroupCoordinator)
[2021-05-14 15:02:33,975] INFO [GroupCoordinator 1001]: Stabilized group sandbox generation 7 (__consumer_offsets-7) (kafka.coordinator.group.GroupCoordinator)
[2021-05-14 15:02:33,978] INFO [GroupCoordinator 1001]: Assignment received from leader for group sandbox for generation 7 (kafka.coordinator.group.GroupCoordinator)
[2021-05-14 15:03:58,414] INFO [GroupCoordinator 1001]: Member[group.instance.id None, member.id consumer-sandbox-1-f8193590-dabe-456c-bd9b-11b8a98cb5d6] in group sandbox has left, removing it from the group (kafka.coordinator.group.GroupCoordinator)
[2021-05-14 15:03:58,414] INFO [GroupCoordinator 1001]: Preparing to rebalance group sandbox in state PreparingRebalance with old generation 7 (__consumer_offsets-7) (reason: removing member consumer-sandbox-1-f8193590-dabe-456c-bd9b-11b8a98cb5d6 on LeaveGroup) (kafka.coordinator.group.GroupCoordinator)
[2021-05-14 15:03:58,414] INFO [GroupCoordinator 1001]: Group sandbox with generation 8 is now empty (__consumer_offsets-7) (kafka.coordinator.group.GroupCoordinator)
[2021-05-14 15:04:02,416] INFO [GroupCoordinator 1001]: Preparing to rebalance group sandbox in state PreparingRebalance with old generation 8 (__consumer_offsets-7) (reason: Adding new member consumer-sandbox-1-332b8b68-ecb5-40be-8861-99d964b4221b with group instance id None) (kafka.coordinator.group.GroupCoordinator)
[2021-05-14 15:04:02,416] INFO [GroupCoordinator 1001]: Stabilized group sandbox generation 9 (__consumer_offsets-7) (kafka.coordinator.group.GroupCoordinator)
[2021-05-14 15:04:02,420] INFO [GroupCoordinator 1001]: Assignment received from leader for group sandbox for generation 9 (kafka.coordinator.group.GroupCoordinator)
[2021-05-14 15:04:46,586] INFO [GroupCoordinator 1001]: Member[group.instance.id None, member.id consumer-sandbox-1-332b8b68-ecb5-40be-8861-99d964b4221b] in group sandbox has left, removing it from the group (kafka.coordinator.group.GroupCoordinator)
[2021-05-14 15:04:46,586] INFO [GroupCoordinator 1001]: Preparing to rebalance group sandbox in state PreparingRebalance with old generation 9 (__consumer_offsets-7) (reason: removing member consumer-sandbox-1-332b8b68-ecb5-40be-8861-99d964b4221b on LeaveGroup) (kafka.coordinator.group.GroupCoordinator)
[2021-05-14 15:04:46,586] INFO [GroupCoordinator 1001]: Group sandbox with generation 10 is now empty (__consumer_offsets-7) (kafka.coordinator.group.GroupCoordinator)
[2021-05-14 15:04:52,002] INFO [GroupCoordinator 1001]: Preparing to rebalance group sandbox in state PreparingRebalance with old generation 10 (__consumer_offsets-7) (reason: Adding new member consumer-sandbox-1-6755143c-f0c9-4564-985b-46046bb4731e with group instance id None) (kafka.coordinator.group.GroupCoordinator)
[2021-05-14 15:04:52,003] INFO [GroupCoordinator 1001]: Stabilized group sandbox generation 11 (__consumer_offsets-7) (kafka.coordinator.group.GroupCoordinator)
[2021-05-14 15:04:52,006] INFO [GroupCoordinator 1001]: Assignment received from leader for group sandbox for generation 11 (kafka.coordinator.group.GroupCoordinator)
[2021-05-14 15:05:31,295] INFO [GroupCoordinator 1001]: Member[group.instance.id None, member.id consumer-sandbox-1-6755143c-f0c9-4564-985b-46046bb4731e] in group sandbox has left, removing it from the group (kafka.coordinator.group.GroupCoordinator)
[2021-05-14 15:05:31,295] INFO [GroupCoordinator 1001]: Preparing to rebalance group sandbox in state PreparingRebalance with old generation 11 (__consumer_offsets-7) (reason: removing member consumer-sandbox-1-6755143c-f0c9-4564-985b-46046bb4731e on LeaveGroup) (kafka.coordinator.group.GroupCoordinator)
[2021-05-14 15:05:31,295] INFO [GroupCoordinator 1001]: Group sandbox with generation 12 is now empty (__consumer_offsets-7) (kafka.coordinator.group.GroupCoordinator)
[2021-05-14 15:05:43,411] INFO [GroupCoordinator 1001]: Preparing to rebalance group sandbox in state PreparingRebalance with old generation 12 (__consumer_offsets-7) (reason: Adding new member consumer-sandbox-1-9777485f-476c-4b1a-9ae4-216f027fe4f3 with group instance id None) (kafka.coordinator.group.GroupCoordinator)
[2021-05-14 15:05:43,412] INFO [GroupCoordinator 1001]: Stabilized group sandbox generation 13 (__consumer_offsets-7) (kafka.coordinator.group.GroupCoordinator)
[2021-05-14 15:05:43,416] INFO [GroupCoordinator 1001]: Assignment received from leader for group sandbox for generation 13 (kafka.coordinator.group.GroupCoordinator)
[2021-05-14 15:09:20,180] INFO [GroupMetadataManager brokerId=1001] Removed 0 expired offsets in 2 milliseconds. (kafka.coordinator.group.GroupMetadataManager)
[2021-05-14 15:10:53,401] INFO [GroupCoordinator 1001]: Member[group.instance.id None, member.id consumer-sandbox-1-9777485f-476c-4b1a-9ae4-216f027fe4f3] in group sandbox has left, removing it from the group (kafka.coordinator.group.GroupCoordinator)
[2021-05-14 15:10:53,401] INFO [GroupCoordinator 1001]: Preparing to rebalance group sandbox in state PreparingRebalance with old generation 13 (__consumer_offsets-7) (reason: removing member consumer-sandbox-1-9777485f-476c-4b1a-9ae4-216f027fe4f3 on LeaveGroup) (kafka.coordinator.group.GroupCoordinator)
[2021-05-14 15:10:53,401] INFO [GroupCoordinator 1001]: Group sandbox with generation 14 is now empty (__consumer_offsets-7) (kafka.coordinator.group.GroupCoordinator)
[2021-05-14 15:10:57,408] INFO [GroupCoordinator 1001]: Preparing to rebalance group sandbox in state PreparingRebalance with old generation 14 (__consumer_offsets-7) (reason: Adding new member consumer-sandbox-1-4aad4feb-9782-4df2-89a6-487891e2db53 with group instance id None) (kafka.coordinator.group.GroupCoordinator)
[2021-05-14 15:10:57,409] INFO [GroupCoordinator 1001]: Stabilized group sandbox generation 15 (__consumer_offsets-7) (kafka.coordinator.group.GroupCoordinator)
[2021-05-14 15:10:57,413] INFO [GroupCoordinator 1001]: Assignment received from leader for group sandbox for generation 15 (kafka.coordinator.group.GroupCoordinator)
[2021-05-14 15:11:54,245] INFO [GroupCoordinator 1001]: Member[group.instance.id None, member.id consumer-sandbox-1-4aad4feb-9782-4df2-89a6-487891e2db53] in group sandbox has left, removing it from the group (kafka.coordinator.group.GroupCoordinator)
[2021-05-14 15:11:54,245] INFO [GroupCoordinator 1001]: Preparing to rebalance group sandbox in state PreparingRebalance with old generation 15 (__consumer_offsets-7) (reason: removing member consumer-sandbox-1-4aad4feb-9782-4df2-89a6-487891e2db53 on LeaveGroup) (kafka.coordinator.group.GroupCoordinator)
[2021-05-14 15:11:54,245] INFO [GroupCoordinator 1001]: Group sandbox with generation 16 is now empty (__consumer_offsets-7) (kafka.coordinator.group.GroupCoordinator)
