[2021-05-14 14:49:20,342] INFO [Controller id=1001 epoch=1] Sending UpdateMetadata request to brokers HashSet(1001) for 0 partitions (state.change.logger)
[2021-05-14 14:49:27,168] INFO [Controller id=1001 epoch=1] Changed partition BLACKLIST-0 state from NonExistentPartition to NewPartition with assigned replicas 1001 (state.change.logger)
[2021-05-14 14:49:27,168] INFO [Controller id=1001 epoch=1] Sending UpdateMetadata request to brokers HashSet() for 0 partitions (state.change.logger)
[2021-05-14 14:49:27,172] INFO [Controller id=1001 epoch=1] Sending UpdateMetadata request to brokers HashSet() for 0 partitions (state.change.logger)
[2021-05-14 14:49:27,198] INFO [Controller id=1001 epoch=1] Changed partition BLACKLIST-0 from NewPartition to OnlinePartition with state LeaderAndIsr(leader=1001, leaderEpoch=0, isr=List(1001), zkVersion=0) (state.change.logger)
[2021-05-14 14:49:27,200] INFO [Controller id=1001 epoch=1] Sending LeaderAndIsr request to broker 1001 with 1 become-leader and 0 become-follower partitions (state.change.logger)
[2021-05-14 14:49:27,202] INFO [Controller id=1001 epoch=1] Sending UpdateMetadata request to brokers HashSet(1001) for 1 partitions (state.change.logger)
[2021-05-14 14:49:27,202] INFO [Controller id=1001 epoch=1] Sending UpdateMetadata request to brokers HashSet() for 0 partitions (state.change.logger)
[2021-05-14 14:49:27,205] INFO [Broker id=1001] Handling LeaderAndIsr request correlationId 1 from controller 1001 for 1 partitions (state.change.logger)
[2021-05-14 14:49:27,210] INFO [Controller id=1001 epoch=1] Changed partition __consumer_offsets-22 state from NonExistentPartition to NewPartition with assigned replicas 1001 (state.change.logger)
[2021-05-14 14:49:27,211] INFO [Controller id=1001 epoch=1] Changed partition __consumer_offsets-30 state from NonExistentPartition to NewPartition with assigned replicas 1001 (state.change.logger)
[2021-05-14 14:49:27,211] INFO [Controller id=1001 epoch=1] Changed partition __consumer_offsets-25 state from NonExistentPartition to NewPartition with assigned replicas 1001 (state.change.logger)
[2021-05-14 14:49:27,211] INFO [Controller id=1001 epoch=1] Changed partition __consumer_offsets-35 state from NonExistentPartition to NewPartition with assigned replicas 1001 (state.change.logger)
[2021-05-14 14:49:27,211] INFO [Controller id=1001 epoch=1] Changed partition __consumer_offsets-37 state from NonExistentPartition to NewPartition with assigned replicas 1001 (state.change.logger)
[2021-05-14 14:49:27,211] INFO [Controller id=1001 epoch=1] Changed partition __consumer_offsets-38 state from NonExistentPartition to NewPartition with assigned replicas 1001 (state.change.logger)
[2021-05-14 14:49:27,211] INFO [Controller id=1001 epoch=1] Changed partition __consumer_offsets-13 state from NonExistentPartition to NewPartition with assigned replicas 1001 (state.change.logger)
[2021-05-14 14:49:27,211] INFO [Controller id=1001 epoch=1] Changed partition __consumer_offsets-8 state from NonExistentPartition to NewPartition with assigned replicas 1001 (state.change.logger)
[2021-05-14 14:49:27,211] INFO [Controller id=1001 epoch=1] Changed partition __consumer_offsets-21 state from NonExistentPartition to NewPartition with assigned replicas 1001 (state.change.logger)
[2021-05-14 14:49:27,211] INFO [Controller id=1001 epoch=1] Changed partition __consumer_offsets-4 state from NonExistentPartition to NewPartition with assigned replicas 1001 (state.change.logger)
[2021-05-14 14:49:27,211] INFO [Controller id=1001 epoch=1] Changed partition __consumer_offsets-27 state from NonExistentPartition to NewPartition with assigned replicas 1001 (state.change.logger)
[2021-05-14 14:49:27,211] INFO [Controller id=1001 epoch=1] Changed partition __consumer_offsets-7 state from NonExistentPartition to NewPartition with assigned replicas 1001 (state.change.logger)
[2021-05-14 14:49:27,211] INFO [Controller id=1001 epoch=1] Changed partition __consumer_offsets-9 state from NonExistentPartition to NewPartition with assigned replicas 1001 (state.change.logger)
[2021-05-14 14:49:27,211] INFO [Controller id=1001 epoch=1] Changed partition __consumer_offsets-46 state from NonExistentPartition to NewPartition with assigned replicas 1001 (state.change.logger)
[2021-05-14 14:49:27,211] INFO [Controller id=1001 epoch=1] Changed partition __consumer_offsets-41 state from NonExistentPartition to NewPartition with assigned replicas 1001 (state.change.logger)
[2021-05-14 14:49:27,211] INFO [Controller id=1001 epoch=1] Changed partition __consumer_offsets-33 state from NonExistentPartition to NewPartition with assigned replicas 1001 (state.change.logger)
[2021-05-14 14:49:27,211] INFO [Controller id=1001 epoch=1] Changed partition __consumer_offsets-23 state from NonExistentPartition to NewPartition with assigned replicas 1001 (state.change.logger)
[2021-05-14 14:49:27,212] INFO [Controller id=1001 epoch=1] Changed partition __consumer_offsets-49 state from NonExistentPartition to NewPartition with assigned replicas 1001 (state.change.logger)
[2021-05-14 14:49:27,212] INFO [Controller id=1001 epoch=1] Changed partition __consumer_offsets-47 state from NonExistentPartition to NewPartition with assigned replicas 1001 (state.change.logger)
[2021-05-14 14:49:27,212] INFO [Controller id=1001 epoch=1] Changed partition __consumer_offsets-16 state from NonExistentPartition to NewPartition with assigned replicas 1001 (state.change.logger)
[2021-05-14 14:49:27,212] INFO [Controller id=1001 epoch=1] Changed partition __consumer_offsets-28 state from NonExistentPartition to NewPartition with assigned replicas 1001 (state.change.logger)
[2021-05-14 14:49:27,212] INFO [Controller id=1001 epoch=1] Changed partition __consumer_offsets-31 state from NonExistentPartition to NewPartition with assigned replicas 1001 (state.change.logger)
[2021-05-14 14:49:27,212] INFO [Controller id=1001 epoch=1] Changed partition __consumer_offsets-36 state from NonExistentPartition to NewPartition with assigned replicas 1001 (state.change.logger)
[2021-05-14 14:49:27,212] INFO [Controller id=1001 epoch=1] Changed partition __consumer_offsets-42 state from NonExistentPartition to NewPartition with assigned replicas 1001 (state.change.logger)
[2021-05-14 14:49:27,212] INFO [Controller id=1001 epoch=1] Changed partition __consumer_offsets-3 state from NonExistentPartition to NewPartition with assigned replicas 1001 (state.change.logger)
[2021-05-14 14:49:27,212] INFO [Controller id=1001 epoch=1] Changed partition __consumer_offsets-18 state from NonExistentPartition to NewPartition with assigned replicas 1001 (state.change.logger)
[2021-05-14 14:49:27,212] INFO [Controller id=1001 epoch=1] Changed partition __consumer_offsets-15 state from NonExistentPartition to NewPartition with assigned replicas 1001 (state.change.logger)
[2021-05-14 14:49:27,212] INFO [Controller id=1001 epoch=1] Changed partition __consumer_offsets-24 state from NonExistentPartition to NewPartition with assigned replicas 1001 (state.change.logger)
[2021-05-14 14:49:27,212] INFO [Controller id=1001 epoch=1] Changed partition __consumer_offsets-17 state from NonExistentPartition to NewPartition with assigned replicas 1001 (state.change.logger)
[2021-05-14 14:49:27,212] INFO [Controller id=1001 epoch=1] Changed partition __consumer_offsets-48 state from NonExistentPartition to NewPartition with assigned replicas 1001 (state.change.logger)
[2021-05-14 14:49:27,212] INFO [Controller id=1001 epoch=1] Changed partition __consumer_offsets-19 state from NonExistentPartition to NewPartition with assigned replicas 1001 (state.change.logger)
[2021-05-14 14:49:27,212] INFO [Controller id=1001 epoch=1] Changed partition __consumer_offsets-11 state from NonExistentPartition to NewPartition with assigned replicas 1001 (state.change.logger)
[2021-05-14 14:49:27,212] INFO [Controller id=1001 epoch=1] Changed partition __consumer_offsets-2 state from NonExistentPartition to NewPartition with assigned replicas 1001 (state.change.logger)
[2021-05-14 14:49:27,212] INFO [Controller id=1001 epoch=1] Changed partition __consumer_offsets-43 state from NonExistentPartition to NewPartition with assigned replicas 1001 (state.change.logger)
[2021-05-14 14:49:27,213] INFO [Controller id=1001 epoch=1] Changed partition __consumer_offsets-6 state from NonExistentPartition to NewPartition with assigned replicas 1001 (state.change.logger)
[2021-05-14 14:49:27,213] INFO [Controller id=1001 epoch=1] Changed partition __consumer_offsets-14 state from NonExistentPartition to NewPartition with assigned replicas 1001 (state.change.logger)
[2021-05-14 14:49:27,213] INFO [Controller id=1001 epoch=1] Changed partition __consumer_offsets-20 state from NonExistentPartition to NewPartition with assigned replicas 1001 (state.change.logger)
[2021-05-14 14:49:27,213] INFO [Controller id=1001 epoch=1] Changed partition __consumer_offsets-0 state from NonExistentPartition to NewPartition with assigned replicas 1001 (state.change.logger)
[2021-05-14 14:49:27,213] INFO [Controller id=1001 epoch=1] Changed partition __consumer_offsets-44 state from NonExistentPartition to NewPartition with assigned replicas 1001 (state.change.logger)
[2021-05-14 14:49:27,213] INFO [Controller id=1001 epoch=1] Changed partition __consumer_offsets-39 state from NonExistentPartition to NewPartition with assigned replicas 1001 (state.change.logger)
[2021-05-14 14:49:27,213] INFO [Controller id=1001 epoch=1] Changed partition __consumer_offsets-12 state from NonExistentPartition to NewPartition with assigned replicas 1001 (state.change.logger)
[2021-05-14 14:49:27,213] INFO [Controller id=1001 epoch=1] Changed partition __consumer_offsets-45 state from NonExistentPartition to NewPartition with assigned replicas 1001 (state.change.logger)
[2021-05-14 14:49:27,213] INFO [Controller id=1001 epoch=1] Changed partition __consumer_offsets-1 state from NonExistentPartition to NewPartition with assigned replicas 1001 (state.change.logger)
[2021-05-14 14:49:27,213] INFO [Controller id=1001 epoch=1] Changed partition __consumer_offsets-5 state from NonExistentPartition to NewPartition with assigned replicas 1001 (state.change.logger)
[2021-05-14 14:49:27,213] INFO [Controller id=1001 epoch=1] Changed partition __consumer_offsets-26 state from NonExistentPartition to NewPartition with assigned replicas 1001 (state.change.logger)
[2021-05-14 14:49:27,213] INFO [Controller id=1001 epoch=1] Changed partition __consumer_offsets-29 state from NonExistentPartition to NewPartition with assigned replicas 1001 (state.change.logger)
[2021-05-14 14:49:27,213] INFO [Controller id=1001 epoch=1] Changed partition __consumer_offsets-34 state from NonExistentPartition to NewPartition with assigned replicas 1001 (state.change.logger)
[2021-05-14 14:49:27,213] INFO [Controller id=1001 epoch=1] Changed partition __consumer_offsets-10 state from NonExistentPartition to NewPartition with assigned replicas 1001 (state.change.logger)
[2021-05-14 14:49:27,213] INFO [Controller id=1001 epoch=1] Changed partition __consumer_offsets-32 state from NonExistentPartition to NewPartition with assigned replicas 1001 (state.change.logger)
[2021-05-14 14:49:27,213] INFO [Controller id=1001 epoch=1] Changed partition __consumer_offsets-40 state from NonExistentPartition to NewPartition with assigned replicas 1001 (state.change.logger)
[2021-05-14 14:49:27,213] INFO [Controller id=1001 epoch=1] Sending UpdateMetadata request to brokers HashSet() for 0 partitions (state.change.logger)
[2021-05-14 14:49:27,215] INFO [Controller id=1001 epoch=1] Sending UpdateMetadata request to brokers HashSet() for 0 partitions (state.change.logger)
[2021-05-14 14:49:27,225] INFO [Broker id=1001] Stopped fetchers as part of LeaderAndIsr request correlationId 1 from controller 1001 epoch 1 as part of the become-leader transition for 1 partitions (state.change.logger)
[2021-05-14 14:49:27,322] INFO [Controller id=1001 epoch=1] Changed partition __consumer_offsets-22 from NewPartition to OnlinePartition with state LeaderAndIsr(leader=1001, leaderEpoch=0, isr=List(1001), zkVersion=0) (state.change.logger)
[2021-05-14 14:49:27,322] INFO [Controller id=1001 epoch=1] Changed partition __consumer_offsets-30 from NewPartition to OnlinePartition with state LeaderAndIsr(leader=1001, leaderEpoch=0, isr=List(1001), zkVersion=0) (state.change.logger)
[2021-05-14 14:49:27,322] INFO [Controller id=1001 epoch=1] Changed partition __consumer_offsets-25 from NewPartition to OnlinePartition with state LeaderAndIsr(leader=1001, leaderEpoch=0, isr=List(1001), zkVersion=0) (state.change.logger)
[2021-05-14 14:49:27,322] INFO [Controller id=1001 epoch=1] Changed partition __consumer_offsets-35 from NewPartition to OnlinePartition with state LeaderAndIsr(leader=1001, leaderEpoch=0, isr=List(1001), zkVersion=0) (state.change.logger)
[2021-05-14 14:49:27,322] INFO [Controller id=1001 epoch=1] Changed partition __consumer_offsets-37 from NewPartition to OnlinePartition with state LeaderAndIsr(leader=1001, leaderEpoch=0, isr=List(1001), zkVersion=0) (state.change.logger)
[2021-05-14 14:49:27,322] INFO [Controller id=1001 epoch=1] Changed partition __consumer_offsets-38 from NewPartition to OnlinePartition with state LeaderAndIsr(leader=1001, leaderEpoch=0, isr=List(1001), zkVersion=0) (state.change.logger)
[2021-05-14 14:49:27,322] INFO [Controller id=1001 epoch=1] Changed partition __consumer_offsets-13 from NewPartition to OnlinePartition with state LeaderAndIsr(leader=1001, leaderEpoch=0, isr=List(1001), zkVersion=0) (state.change.logger)
[2021-05-14 14:49:27,323] INFO [Controller id=1001 epoch=1] Changed partition __consumer_offsets-8 from NewPartition to OnlinePartition with state LeaderAndIsr(leader=1001, leaderEpoch=0, isr=List(1001), zkVersion=0) (state.change.logger)
[2021-05-14 14:49:27,323] INFO [Controller id=1001 epoch=1] Changed partition __consumer_offsets-21 from NewPartition to OnlinePartition with state LeaderAndIsr(leader=1001, leaderEpoch=0, isr=List(1001), zkVersion=0) (state.change.logger)
[2021-05-14 14:49:27,323] INFO [Controller id=1001 epoch=1] Changed partition __consumer_offsets-4 from NewPartition to OnlinePartition with state LeaderAndIsr(leader=1001, leaderEpoch=0, isr=List(1001), zkVersion=0) (state.change.logger)
[2021-05-14 14:49:27,323] INFO [Controller id=1001 epoch=1] Changed partition __consumer_offsets-27 from NewPartition to OnlinePartition with state LeaderAndIsr(leader=1001, leaderEpoch=0, isr=List(1001), zkVersion=0) (state.change.logger)
[2021-05-14 14:49:27,323] INFO [Controller id=1001 epoch=1] Changed partition __consumer_offsets-7 from NewPartition to OnlinePartition with state LeaderAndIsr(leader=1001, leaderEpoch=0, isr=List(1001), zkVersion=0) (state.change.logger)
[2021-05-14 14:49:27,323] INFO [Controller id=1001 epoch=1] Changed partition __consumer_offsets-9 from NewPartition to OnlinePartition with state LeaderAndIsr(leader=1001, leaderEpoch=0, isr=List(1001), zkVersion=0) (state.change.logger)
[2021-05-14 14:49:27,323] INFO [Controller id=1001 epoch=1] Changed partition __consumer_offsets-46 from NewPartition to OnlinePartition with state LeaderAndIsr(leader=1001, leaderEpoch=0, isr=List(1001), zkVersion=0) (state.change.logger)
[2021-05-14 14:49:27,323] INFO [Controller id=1001 epoch=1] Changed partition __consumer_offsets-41 from NewPartition to OnlinePartition with state LeaderAndIsr(leader=1001, leaderEpoch=0, isr=List(1001), zkVersion=0) (state.change.logger)
[2021-05-14 14:49:27,323] INFO [Controller id=1001 epoch=1] Changed partition __consumer_offsets-33 from NewPartition to OnlinePartition with state LeaderAndIsr(leader=1001, leaderEpoch=0, isr=List(1001), zkVersion=0) (state.change.logger)
[2021-05-14 14:49:27,323] INFO [Controller id=1001 epoch=1] Changed partition __consumer_offsets-23 from NewPartition to OnlinePartition with state LeaderAndIsr(leader=1001, leaderEpoch=0, isr=List(1001), zkVersion=0) (state.change.logger)
[2021-05-14 14:49:27,323] INFO [Controller id=1001 epoch=1] Changed partition __consumer_offsets-49 from NewPartition to OnlinePartition with state LeaderAndIsr(leader=1001, leaderEpoch=0, isr=List(1001), zkVersion=0) (state.change.logger)
[2021-05-14 14:49:27,323] INFO [Controller id=1001 epoch=1] Changed partition __consumer_offsets-47 from NewPartition to OnlinePartition with state LeaderAndIsr(leader=1001, leaderEpoch=0, isr=List(1001), zkVersion=0) (state.change.logger)
[2021-05-14 14:49:27,323] INFO [Controller id=1001 epoch=1] Changed partition __consumer_offsets-16 from NewPartition to OnlinePartition with state LeaderAndIsr(leader=1001, leaderEpoch=0, isr=List(1001), zkVersion=0) (state.change.logger)
[2021-05-14 14:49:27,323] INFO [Controller id=1001 epoch=1] Changed partition __consumer_offsets-28 from NewPartition to OnlinePartition with state LeaderAndIsr(leader=1001, leaderEpoch=0, isr=List(1001), zkVersion=0) (state.change.logger)
[2021-05-14 14:49:27,323] INFO [Controller id=1001 epoch=1] Changed partition __consumer_offsets-31 from NewPartition to OnlinePartition with state LeaderAndIsr(leader=1001, leaderEpoch=0, isr=List(1001), zkVersion=0) (state.change.logger)
[2021-05-14 14:49:27,323] INFO [Controller id=1001 epoch=1] Changed partition __consumer_offsets-36 from NewPartition to OnlinePartition with state LeaderAndIsr(leader=1001, leaderEpoch=0, isr=List(1001), zkVersion=0) (state.change.logger)
[2021-05-14 14:49:27,323] INFO [Controller id=1001 epoch=1] Changed partition __consumer_offsets-42 from NewPartition to OnlinePartition with state LeaderAndIsr(leader=1001, leaderEpoch=0, isr=List(1001), zkVersion=0) (state.change.logger)
[2021-05-14 14:49:27,323] INFO [Controller id=1001 epoch=1] Changed partition __consumer_offsets-3 from NewPartition to OnlinePartition with state LeaderAndIsr(leader=1001, leaderEpoch=0, isr=List(1001), zkVersion=0) (state.change.logger)
[2021-05-14 14:49:27,323] INFO [Controller id=1001 epoch=1] Changed partition __consumer_offsets-18 from NewPartition to OnlinePartition with state LeaderAndIsr(leader=1001, leaderEpoch=0, isr=List(1001), zkVersion=0) (state.change.logger)
[2021-05-14 14:49:27,323] INFO [Controller id=1001 epoch=1] Changed partition __consumer_offsets-15 from NewPartition to OnlinePartition with state LeaderAndIsr(leader=1001, leaderEpoch=0, isr=List(1001), zkVersion=0) (state.change.logger)
[2021-05-14 14:49:27,323] INFO [Controller id=1001 epoch=1] Changed partition __consumer_offsets-24 from NewPartition to OnlinePartition with state LeaderAndIsr(leader=1001, leaderEpoch=0, isr=List(1001), zkVersion=0) (state.change.logger)
[2021-05-14 14:49:27,324] INFO [Controller id=1001 epoch=1] Changed partition __consumer_offsets-17 from NewPartition to OnlinePartition with state LeaderAndIsr(leader=1001, leaderEpoch=0, isr=List(1001), zkVersion=0) (state.change.logger)
[2021-05-14 14:49:27,324] INFO [Controller id=1001 epoch=1] Changed partition __consumer_offsets-48 from NewPartition to OnlinePartition with state LeaderAndIsr(leader=1001, leaderEpoch=0, isr=List(1001), zkVersion=0) (state.change.logger)
[2021-05-14 14:49:27,324] INFO [Controller id=1001 epoch=1] Changed partition __consumer_offsets-19 from NewPartition to OnlinePartition with state LeaderAndIsr(leader=1001, leaderEpoch=0, isr=List(1001), zkVersion=0) (state.change.logger)
[2021-05-14 14:49:27,324] INFO [Controller id=1001 epoch=1] Changed partition __consumer_offsets-11 from NewPartition to OnlinePartition with state LeaderAndIsr(leader=1001, leaderEpoch=0, isr=List(1001), zkVersion=0) (state.change.logger)
[2021-05-14 14:49:27,324] INFO [Controller id=1001 epoch=1] Changed partition __consumer_offsets-2 from NewPartition to OnlinePartition with state LeaderAndIsr(leader=1001, leaderEpoch=0, isr=List(1001), zkVersion=0) (state.change.logger)
[2021-05-14 14:49:27,324] INFO [Controller id=1001 epoch=1] Changed partition __consumer_offsets-43 from NewPartition to OnlinePartition with state LeaderAndIsr(leader=1001, leaderEpoch=0, isr=List(1001), zkVersion=0) (state.change.logger)
[2021-05-14 14:49:27,324] INFO [Controller id=1001 epoch=1] Changed partition __consumer_offsets-6 from NewPartition to OnlinePartition with state LeaderAndIsr(leader=1001, leaderEpoch=0, isr=List(1001), zkVersion=0) (state.change.logger)
[2021-05-14 14:49:27,324] INFO [Controller id=1001 epoch=1] Changed partition __consumer_offsets-14 from NewPartition to OnlinePartition with state LeaderAndIsr(leader=1001, leaderEpoch=0, isr=List(1001), zkVersion=0) (state.change.logger)
[2021-05-14 14:49:27,324] INFO [Controller id=1001 epoch=1] Changed partition __consumer_offsets-20 from NewPartition to OnlinePartition with state LeaderAndIsr(leader=1001, leaderEpoch=0, isr=List(1001), zkVersion=0) (state.change.logger)
[2021-05-14 14:49:27,324] INFO [Controller id=1001 epoch=1] Changed partition __consumer_offsets-0 from NewPartition to OnlinePartition with state LeaderAndIsr(leader=1001, leaderEpoch=0, isr=List(1001), zkVersion=0) (state.change.logger)
[2021-05-14 14:49:27,324] INFO [Controller id=1001 epoch=1] Changed partition __consumer_offsets-44 from NewPartition to OnlinePartition with state LeaderAndIsr(leader=1001, leaderEpoch=0, isr=List(1001), zkVersion=0) (state.change.logger)
[2021-05-14 14:49:27,324] INFO [Controller id=1001 epoch=1] Changed partition __consumer_offsets-39 from NewPartition to OnlinePartition with state LeaderAndIsr(leader=1001, leaderEpoch=0, isr=List(1001), zkVersion=0) (state.change.logger)
[2021-05-14 14:49:27,324] INFO [Controller id=1001 epoch=1] Changed partition __consumer_offsets-12 from NewPartition to OnlinePartition with state LeaderAndIsr(leader=1001, leaderEpoch=0, isr=List(1001), zkVersion=0) (state.change.logger)
[2021-05-14 14:49:27,324] INFO [Controller id=1001 epoch=1] Changed partition __consumer_offsets-45 from NewPartition to OnlinePartition with state LeaderAndIsr(leader=1001, leaderEpoch=0, isr=List(1001), zkVersion=0) (state.change.logger)
[2021-05-14 14:49:27,324] INFO [Controller id=1001 epoch=1] Changed partition __consumer_offsets-1 from NewPartition to OnlinePartition with state LeaderAndIsr(leader=1001, leaderEpoch=0, isr=List(1001), zkVersion=0) (state.change.logger)
[2021-05-14 14:49:27,324] INFO [Controller id=1001 epoch=1] Changed partition __consumer_offsets-5 from NewPartition to OnlinePartition with state LeaderAndIsr(leader=1001, leaderEpoch=0, isr=List(1001), zkVersion=0) (state.change.logger)
[2021-05-14 14:49:27,324] INFO [Controller id=1001 epoch=1] Changed partition __consumer_offsets-26 from NewPartition to OnlinePartition with state LeaderAndIsr(leader=1001, leaderEpoch=0, isr=List(1001), zkVersion=0) (state.change.logger)
[2021-05-14 14:49:27,324] INFO [Controller id=1001 epoch=1] Changed partition __consumer_offsets-29 from NewPartition to OnlinePartition with state LeaderAndIsr(leader=1001, leaderEpoch=0, isr=List(1001), zkVersion=0) (state.change.logger)
[2021-05-14 14:49:27,324] INFO [Controller id=1001 epoch=1] Changed partition __consumer_offsets-34 from NewPartition to OnlinePartition with state LeaderAndIsr(leader=1001, leaderEpoch=0, isr=List(1001), zkVersion=0) (state.change.logger)
[2021-05-14 14:49:27,324] INFO [Controller id=1001 epoch=1] Changed partition __consumer_offsets-10 from NewPartition to OnlinePartition with state LeaderAndIsr(leader=1001, leaderEpoch=0, isr=List(1001), zkVersion=0) (state.change.logger)
[2021-05-14 14:49:27,324] INFO [Controller id=1001 epoch=1] Changed partition __consumer_offsets-32 from NewPartition to OnlinePartition with state LeaderAndIsr(leader=1001, leaderEpoch=0, isr=List(1001), zkVersion=0) (state.change.logger)
[2021-05-14 14:49:27,325] INFO [Controller id=1001 epoch=1] Changed partition __consumer_offsets-40 from NewPartition to OnlinePartition with state LeaderAndIsr(leader=1001, leaderEpoch=0, isr=List(1001), zkVersion=0) (state.change.logger)
[2021-05-14 14:49:27,325] INFO [Controller id=1001 epoch=1] Sending LeaderAndIsr request to broker 1001 with 50 become-leader and 0 become-follower partitions (state.change.logger)
[2021-05-14 14:49:27,325] INFO [Controller id=1001 epoch=1] Sending UpdateMetadata request to brokers HashSet(1001) for 50 partitions (state.change.logger)
[2021-05-14 14:49:27,327] INFO [Controller id=1001 epoch=1] Sending UpdateMetadata request to brokers HashSet() for 0 partitions (state.change.logger)
[2021-05-14 14:49:27,335] INFO [Broker id=1001] Leader BLACKLIST-0 starts at leader epoch 0 from offset 0 with high watermark 0 ISR [1001] addingReplicas [] removingReplicas []. Previous leader epoch was -1. (state.change.logger)
[2021-05-14 14:49:27,355] INFO [Broker id=1001] Add 1 partitions and deleted 0 partitions from metadata cache in response to UpdateMetadata request sent by controller 1001 epoch 1 with correlation id 2 (state.change.logger)
[2021-05-14 14:49:27,360] INFO [Broker id=1001] Handling LeaderAndIsr request correlationId 3 from controller 1001 for 50 partitions (state.change.logger)
[2021-05-14 14:49:27,388] INFO [Broker id=1001] Stopped fetchers as part of LeaderAndIsr request correlationId 3 from controller 1001 epoch 1 as part of the become-leader transition for 50 partitions (state.change.logger)
[2021-05-14 14:49:27,395] INFO [Broker id=1001] Leader __consumer_offsets-3 starts at leader epoch 0 from offset 0 with high watermark 0 ISR [1001] addingReplicas [] removingReplicas []. Previous leader epoch was -1. (state.change.logger)
[2021-05-14 14:49:27,402] INFO [Broker id=1001] Leader __consumer_offsets-18 starts at leader epoch 0 from offset 0 with high watermark 0 ISR [1001] addingReplicas [] removingReplicas []. Previous leader epoch was -1. (state.change.logger)
[2021-05-14 14:49:27,408] INFO [Broker id=1001] Leader __consumer_offsets-41 starts at leader epoch 0 from offset 0 with high watermark 0 ISR [1001] addingReplicas [] removingReplicas []. Previous leader epoch was -1. (state.change.logger)
[2021-05-14 14:49:27,413] INFO [Broker id=1001] Leader __consumer_offsets-10 starts at leader epoch 0 from offset 0 with high watermark 0 ISR [1001] addingReplicas [] removingReplicas []. Previous leader epoch was -1. (state.change.logger)
[2021-05-14 14:49:27,418] INFO [Broker id=1001] Leader __consumer_offsets-33 starts at leader epoch 0 from offset 0 with high watermark 0 ISR [1001] addingReplicas [] removingReplicas []. Previous leader epoch was -1. (state.change.logger)
[2021-05-14 14:49:27,423] INFO [Broker id=1001] Leader __consumer_offsets-48 starts at leader epoch 0 from offset 0 with high watermark 0 ISR [1001] addingReplicas [] removingReplicas []. Previous leader epoch was -1. (state.change.logger)
[2021-05-14 14:49:27,429] INFO [Broker id=1001] Leader __consumer_offsets-19 starts at leader epoch 0 from offset 0 with high watermark 0 ISR [1001] addingReplicas [] removingReplicas []. Previous leader epoch was -1. (state.change.logger)
[2021-05-14 14:49:27,434] INFO [Broker id=1001] Leader __consumer_offsets-34 starts at leader epoch 0 from offset 0 with high watermark 0 ISR [1001] addingReplicas [] removingReplicas []. Previous leader epoch was -1. (state.change.logger)
[2021-05-14 14:49:27,439] INFO [Broker id=1001] Leader __consumer_offsets-4 starts at leader epoch 0 from offset 0 with high watermark 0 ISR [1001] addingReplicas [] removingReplicas []. Previous leader epoch was -1. (state.change.logger)
[2021-05-14 14:49:27,444] INFO [Broker id=1001] Leader __consumer_offsets-11 starts at leader epoch 0 from offset 0 with high watermark 0 ISR [1001] addingReplicas [] removingReplicas []. Previous leader epoch was -1. (state.change.logger)
[2021-05-14 14:49:27,449] INFO [Broker id=1001] Leader __consumer_offsets-26 starts at leader epoch 0 from offset 0 with high watermark 0 ISR [1001] addingReplicas [] removingReplicas []. Previous leader epoch was -1. (state.change.logger)
[2021-05-14 14:49:27,453] INFO [Broker id=1001] Leader __consumer_offsets-49 starts at leader epoch 0 from offset 0 with high watermark 0 ISR [1001] addingReplicas [] removingReplicas []. Previous leader epoch was -1. (state.change.logger)
[2021-05-14 14:49:27,458] INFO [Broker id=1001] Leader __consumer_offsets-39 starts at leader epoch 0 from offset 0 with high watermark 0 ISR [1001] addingReplicas [] removingReplicas []. Previous leader epoch was -1. (state.change.logger)
[2021-05-14 14:49:27,463] INFO [Broker id=1001] Leader __consumer_offsets-9 starts at leader epoch 0 from offset 0 with high watermark 0 ISR [1001] addingReplicas [] removingReplicas []. Previous leader epoch was -1. (state.change.logger)
[2021-05-14 14:49:27,467] INFO [Broker id=1001] Leader __consumer_offsets-24 starts at leader epoch 0 from offset 0 with high watermark 0 ISR [1001] addingReplicas [] removingReplicas []. Previous leader epoch was -1. (state.change.logger)
[2021-05-14 14:49:27,471] INFO [Broker id=1001] Leader __consumer_offsets-31 starts at leader epoch 0 from offset 0 with high watermark 0 ISR [1001] addingReplicas [] removingReplicas []. Previous leader epoch was -1. (state.change.logger)
[2021-05-14 14:49:27,475] INFO [Broker id=1001] Leader __consumer_offsets-46 starts at leader epoch 0 from offset 0 with high watermark 0 ISR [1001] addingReplicas [] removingReplicas []. Previous leader epoch was -1. (state.change.logger)
[2021-05-14 14:49:27,480] INFO [Broker id=1001] Leader __consumer_offsets-1 starts at leader epoch 0 from offset 0 with high watermark 0 ISR [1001] addingReplicas [] removingReplicas []. Previous leader epoch was -1. (state.change.logger)
[2021-05-14 14:49:27,484] INFO [Broker id=1001] Leader __consumer_offsets-16 starts at leader epoch 0 from offset 0 with high watermark 0 ISR [1001] addingReplicas [] removingReplicas []. Previous leader epoch was -1. (state.change.logger)
[2021-05-14 14:49:27,489] INFO [Broker id=1001] Leader __consumer_offsets-2 starts at leader epoch 0 from offset 0 with high watermark 0 ISR [1001] addingReplicas [] removingReplicas []. Previous leader epoch was -1. (state.change.logger)
[2021-05-14 14:49:27,494] INFO [Broker id=1001] Leader __consumer_offsets-25 starts at leader epoch 0 from offset 0 with high watermark 0 ISR [1001] addingReplicas [] removingReplicas []. Previous leader epoch was -1. (state.change.logger)
[2021-05-14 14:49:27,499] INFO [Broker id=1001] Leader __consumer_offsets-40 starts at leader epoch 0 from offset 0 with high watermark 0 ISR [1001] addingReplicas [] removingReplicas []. Previous leader epoch was -1. (state.change.logger)
[2021-05-14 14:49:27,505] INFO [Broker id=1001] Leader __consumer_offsets-47 starts at leader epoch 0 from offset 0 with high watermark 0 ISR [1001] addingReplicas [] removingReplicas []. Previous leader epoch was -1. (state.change.logger)
[2021-05-14 14:49:27,510] INFO [Broker id=1001] Leader __consumer_offsets-17 starts at leader epoch 0 from offset 0 with high watermark 0 ISR [1001] addingReplicas [] removingReplicas []. Previous leader epoch was -1. (state.change.logger)
[2021-05-14 14:49:27,515] INFO [Broker id=1001] Leader __consumer_offsets-32 starts at leader epoch 0 from offset 0 with high watermark 0 ISR [1001] addingReplicas [] removingReplicas []. Previous leader epoch was -1. (state.change.logger)
[2021-05-14 14:49:27,520] INFO [Broker id=1001] Leader __consumer_offsets-37 starts at leader epoch 0 from offset 0 with high watermark 0 ISR [1001] addingReplicas [] removingReplicas []. Previous leader epoch was -1. (state.change.logger)
[2021-05-14 14:49:27,524] INFO [Broker id=1001] Leader __consumer_offsets-7 starts at leader epoch 0 from offset 0 with high watermark 0 ISR [1001] addingReplicas [] removingReplicas []. Previous leader epoch was -1. (state.change.logger)
[2021-05-14 14:49:27,529] INFO [Broker id=1001] Leader __consumer_offsets-22 starts at leader epoch 0 from offset 0 with high watermark 0 ISR [1001] addingReplicas [] removingReplicas []. Previous leader epoch was -1. (state.change.logger)
[2021-05-14 14:49:27,534] INFO [Broker id=1001] Leader __consumer_offsets-29 starts at leader epoch 0 from offset 0 with high watermark 0 ISR [1001] addingReplicas [] removingReplicas []. Previous leader epoch was -1. (state.change.logger)
[2021-05-14 14:49:27,539] INFO [Broker id=1001] Leader __consumer_offsets-44 starts at leader epoch 0 from offset 0 with high watermark 0 ISR [1001] addingReplicas [] removingReplicas []. Previous leader epoch was -1. (state.change.logger)
[2021-05-14 14:49:27,545] INFO [Broker id=1001] Leader __consumer_offsets-14 starts at leader epoch 0 from offset 0 with high watermark 0 ISR [1001] addingReplicas [] removingReplicas []. Previous leader epoch was -1. (state.change.logger)
[2021-05-14 14:49:27,550] INFO [Broker id=1001] Leader __consumer_offsets-23 starts at leader epoch 0 from offset 0 with high watermark 0 ISR [1001] addingReplicas [] removingReplicas []. Previous leader epoch was -1. (state.change.logger)
[2021-05-14 14:49:27,555] INFO [Broker id=1001] Leader __consumer_offsets-38 starts at leader epoch 0 from offset 0 with high watermark 0 ISR [1001] addingReplicas [] removingReplicas []. Previous leader epoch was -1. (state.change.logger)
[2021-05-14 14:49:27,561] INFO [Broker id=1001] Leader __consumer_offsets-8 starts at leader epoch 0 from offset 0 with high watermark 0 ISR [1001] addingReplicas [] removingReplicas []. Previous leader epoch was -1. (state.change.logger)
[2021-05-14 14:49:27,575] INFO [Broker id=1001] Leader __consumer_offsets-45 starts at leader epoch 0 from offset 0 with high watermark 0 ISR [1001] addingReplicas [] removingReplicas []. Previous leader epoch was -1. (state.change.logger)
[2021-05-14 14:49:27,583] INFO [Broker id=1001] Leader __consumer_offsets-15 starts at leader epoch 0 from offset 0 with high watermark 0 ISR [1001] addingReplicas [] removingReplicas []. Previous leader epoch was -1. (state.change.logger)
[2021-05-14 14:49:27,588] INFO [Broker id=1001] Leader __consumer_offsets-30 starts at leader epoch 0 from offset 0 with high watermark 0 ISR [1001] addingReplicas [] removingReplicas []. Previous leader epoch was -1. (state.change.logger)
[2021-05-14 14:49:27,592] INFO [Broker id=1001] Leader __consumer_offsets-0 starts at leader epoch 0 from offset 0 with high watermark 0 ISR [1001] addingReplicas [] removingReplicas []. Previous leader epoch was -1. (state.change.logger)
[2021-05-14 14:49:27,597] INFO [Broker id=1001] Leader __consumer_offsets-35 starts at leader epoch 0 from offset 0 with high watermark 0 ISR [1001] addingReplicas [] removingReplicas []. Previous leader epoch was -1. (state.change.logger)
[2021-05-14 14:49:27,601] INFO [Broker id=1001] Leader __consumer_offsets-5 starts at leader epoch 0 from offset 0 with high watermark 0 ISR [1001] addingReplicas [] removingReplicas []. Previous leader epoch was -1. (state.change.logger)
[2021-05-14 14:49:27,606] INFO [Broker id=1001] Leader __consumer_offsets-20 starts at leader epoch 0 from offset 0 with high watermark 0 ISR [1001] addingReplicas [] removingReplicas []. Previous leader epoch was -1. (state.change.logger)
[2021-05-14 14:49:27,611] INFO [Broker id=1001] Leader __consumer_offsets-27 starts at leader epoch 0 from offset 0 with high watermark 0 ISR [1001] addingReplicas [] removingReplicas []. Previous leader epoch was -1. (state.change.logger)
[2021-05-14 14:49:27,615] INFO [Broker id=1001] Leader __consumer_offsets-42 starts at leader epoch 0 from offset 0 with high watermark 0 ISR [1001] addingReplicas [] removingReplicas []. Previous leader epoch was -1. (state.change.logger)
[2021-05-14 14:49:27,620] INFO [Broker id=1001] Leader __consumer_offsets-12 starts at leader epoch 0 from offset 0 with high watermark 0 ISR [1001] addingReplicas [] removingReplicas []. Previous leader epoch was -1. (state.change.logger)
[2021-05-14 14:49:27,624] INFO [Broker id=1001] Leader __consumer_offsets-21 starts at leader epoch 0 from offset 0 with high watermark 0 ISR [1001] addingReplicas [] removingReplicas []. Previous leader epoch was -1. (state.change.logger)
[2021-05-14 14:49:27,628] INFO [Broker id=1001] Leader __consumer_offsets-36 starts at leader epoch 0 from offset 0 with high watermark 0 ISR [1001] addingReplicas [] removingReplicas []. Previous leader epoch was -1. (state.change.logger)
[2021-05-14 14:49:27,637] INFO [Broker id=1001] Leader __consumer_offsets-6 starts at leader epoch 0 from offset 0 with high watermark 0 ISR [1001] addingReplicas [] removingReplicas []. Previous leader epoch was -1. (state.change.logger)
[2021-05-14 14:49:27,648] INFO [Broker id=1001] Leader __consumer_offsets-43 starts at leader epoch 0 from offset 0 with high watermark 0 ISR [1001] addingReplicas [] removingReplicas []. Previous leader epoch was -1. (state.change.logger)
[2021-05-14 14:49:27,653] INFO [Broker id=1001] Leader __consumer_offsets-13 starts at leader epoch 0 from offset 0 with high watermark 0 ISR [1001] addingReplicas [] removingReplicas []. Previous leader epoch was -1. (state.change.logger)
[2021-05-14 14:49:27,661] INFO [Broker id=1001] Leader __consumer_offsets-28 starts at leader epoch 0 from offset 0 with high watermark 0 ISR [1001] addingReplicas [] removingReplicas []. Previous leader epoch was -1. (state.change.logger)
[2021-05-14 14:49:27,677] INFO [Broker id=1001] Add 50 partitions and deleted 0 partitions from metadata cache in response to UpdateMetadata request sent by controller 1001 epoch 1 with correlation id 4 (state.change.logger)
